Compiling the CXX compiler identification source file "CMakeCXXCompilerId.cpp" failed.
Compiler: /media/akhil/Code1/Softwares/cppToolKit/cpp-toolkit-master/MinGW/bin/g++.exe 
Build flags: 
Id flags:  

The output was:
1
err:module:import_dll Library libgmp-10.dll (which is needed by L"Z:\\media\\akhil\\code1\\softwares\\cpptoolkit\\cpp-toolkit-master\\mingw\\libexec\\gcc\\mingw32\\6.3.0\\cc1plus.exe") not found
err:module:import_dll Library libiconv-2.dll (which is needed by L"Z:\\media\\akhil\\code1\\softwares\\cpptoolkit\\cpp-toolkit-master\\mingw\\libexec\\gcc\\mingw32\\6.3.0\\cc1plus.exe") not found
err:module:import_dll Library libisl-15.dll (which is needed by L"Z:\\media\\akhil\\code1\\softwares\\cpptoolkit\\cpp-toolkit-master\\mingw\\libexec\\gcc\\mingw32\\6.3.0\\cc1plus.exe") not found
err:module:import_dll Library libmpc-3.dll (which is needed by L"Z:\\media\\akhil\\code1\\softwares\\cpptoolkit\\cpp-toolkit-master\\mingw\\libexec\\gcc\\mingw32\\6.3.0\\cc1plus.exe") not found
err:module:import_dll Library libmpfr-4.dll (which is needed by L"Z:\\media\\akhil\\code1\\softwares\\cpptoolkit\\cpp-toolkit-master\\mingw\\libexec\\gcc\\mingw32\\6.3.0\\cc1plus.exe") not found
err:module:LdrInitializeThunk Main exe initialization for L"Z:\\media\\akhil\\code1\\softwares\\cpptoolkit\\cpp-toolkit-master\\mingw\\libexec\\gcc\\mingw32\\6.3.0\\cc1plus.exe" failed, status c0000135


Compiling the CXX compiler identification source file "CMakeCXXCompilerId.cpp" failed.
Compiler: /media/akhil/Code1/Softwares/cppToolKit/cpp-toolkit-master/MinGW/bin/g++.exe 
Build flags: 
Id flags: -c 

The output was:
1
err:module:import_dll Library libgmp-10.dll (which is needed by L"Z:\\media\\akhil\\code1\\softwares\\cpptoolkit\\cpp-toolkit-master\\mingw\\libexec\\gcc\\mingw32\\6.3.0\\cc1plus.exe") not found
err:module:import_dll Library libiconv-2.dll (which is needed by L"Z:\\media\\akhil\\code1\\softwares\\cpptoolkit\\cpp-toolkit-master\\mingw\\libexec\\gcc\\mingw32\\6.3.0\\cc1plus.exe") not found
err:module:import_dll Library libisl-15.dll (which is needed by L"Z:\\media\\akhil\\code1\\softwares\\cpptoolkit\\cpp-toolkit-master\\mingw\\libexec\\gcc\\mingw32\\6.3.0\\cc1plus.exe") not found
err:module:import_dll Library libmpc-3.dll (which is needed by L"Z:\\media\\akhil\\code1\\softwares\\cpptoolkit\\cpp-toolkit-master\\mingw\\libexec\\gcc\\mingw32\\6.3.0\\cc1plus.exe") not found
err:module:import_dll Library libmpfr-4.dll (which is needed by L"Z:\\media\\akhil\\code1\\softwares\\cpptoolkit\\cpp-toolkit-master\\mingw\\libexec\\gcc\\mingw32\\6.3.0\\cc1plus.exe") not found
err:module:LdrInitializeThunk Main exe initialization for L"Z:\\media\\akhil\\code1\\softwares\\cpptoolkit\\cpp-toolkit-master\\mingw\\libexec\\gcc\\mingw32\\6.3.0\\cc1plus.exe" failed, status c0000135


Compiling the CXX compiler identification source file "CMakeCXXCompilerId.cpp" failed.
Compiler: /media/akhil/Code1/Softwares/cppToolKit/cpp-toolkit-master/MinGW/bin/g++.exe 
Build flags: 
Id flags: --c++ 

The output was:
1
g++.exe: error: unrecognized command line option '--c++'


Compiling the CXX compiler identification source file "CMakeCXXCompilerId.cpp" failed.
Compiler: /media/akhil/Code1/Softwares/cppToolKit/cpp-toolkit-master/MinGW/bin/g++.exe 
Build flags: 
Id flags: --ec++ 

The output was:
1
g++.exe: error: unrecognized command line option '--ec++'; did you mean '-Weffc++'?


Compiling the CXX compiler identification source file "CMakeCXXCompilerId.cpp" failed.
Compiler: /media/akhil/Code1/Softwares/cppToolKit/cpp-toolkit-master/MinGW/bin/g++.exe 
Build flags: 
Id flags:  

The output was:
1
err:module:import_dll Library libgmp-10.dll (which is needed by L"Z:\\media\\akhil\\code1\\softwares\\cpptoolkit\\cpp-toolkit-master\\mingw\\libexec\\gcc\\mingw32\\6.3.0\\cc1plus.exe") not found
err:module:import_dll Library libiconv-2.dll (which is needed by L"Z:\\media\\akhil\\code1\\softwares\\cpptoolkit\\cpp-toolkit-master\\mingw\\libexec\\gcc\\mingw32\\6.3.0\\cc1plus.exe") not found
err:module:import_dll Library libisl-15.dll (which is needed by L"Z:\\media\\akhil\\code1\\softwares\\cpptoolkit\\cpp-toolkit-master\\mingw\\libexec\\gcc\\mingw32\\6.3.0\\cc1plus.exe") not found
err:module:import_dll Library libmpc-3.dll (which is needed by L"Z:\\media\\akhil\\code1\\softwares\\cpptoolkit\\cpp-toolkit-master\\mingw\\libexec\\gcc\\mingw32\\6.3.0\\cc1plus.exe") not found
err:module:import_dll Library libmpfr-4.dll (which is needed by L"Z:\\media\\akhil\\code1\\softwares\\cpptoolkit\\cpp-toolkit-master\\mingw\\libexec\\gcc\\mingw32\\6.3.0\\cc1plus.exe") not found
err:module:LdrInitializeThunk Main exe initialization for L"Z:\\media\\akhil\\code1\\softwares\\cpptoolkit\\cpp-toolkit-master\\mingw\\libexec\\gcc\\mingw32\\6.3.0\\cc1plus.exe" failed, status c0000135


Compiling the CXX compiler identification source file "CMakeCXXCompilerId.cpp" failed.
Compiler: /media/akhil/Code1/Softwares/cppToolKit/cpp-toolkit-master/MinGW/bin/g++.exe 
Build flags: 
Id flags: -c 

The output was:
1
err:module:import_dll Library libgmp-10.dll (which is needed by L"Z:\\media\\akhil\\code1\\softwares\\cpptoolkit\\cpp-toolkit-master\\mingw\\libexec\\gcc\\mingw32\\6.3.0\\cc1plus.exe") not found
err:module:import_dll Library libiconv-2.dll (which is needed by L"Z:\\media\\akhil\\code1\\softwares\\cpptoolkit\\cpp-toolkit-master\\mingw\\libexec\\gcc\\mingw32\\6.3.0\\cc1plus.exe") not found
err:module:import_dll Library libisl-15.dll (which is needed by L"Z:\\media\\akhil\\code1\\softwares\\cpptoolkit\\cpp-toolkit-master\\mingw\\libexec\\gcc\\mingw32\\6.3.0\\cc1plus.exe") not found
err:module:import_dll Library libmpc-3.dll (which is needed by L"Z:\\media\\akhil\\code1\\softwares\\cpptoolkit\\cpp-toolkit-master\\mingw\\libexec\\gcc\\mingw32\\6.3.0\\cc1plus.exe") not found
err:module:import_dll Library libmpfr-4.dll (which is needed by L"Z:\\media\\akhil\\code1\\softwares\\cpptoolkit\\cpp-toolkit-master\\mingw\\libexec\\gcc\\mingw32\\6.3.0\\cc1plus.exe") not found
err:module:LdrInitializeThunk Main exe initialization for L"Z:\\media\\akhil\\code1\\softwares\\cpptoolkit\\cpp-toolkit-master\\mingw\\libexec\\gcc\\mingw32\\6.3.0\\cc1plus.exe" failed, status c0000135


Compiling the CXX compiler identification source file "CMakeCXXCompilerId.cpp" failed.
Compiler: /media/akhil/Code1/Softwares/cppToolKit/cpp-toolkit-master/MinGW/bin/g++.exe 
Build flags: 
Id flags: --c++ 

The output was:
1
g++.exe: error: unrecognized command line option '--c++'


Compiling the CXX compiler identification source file "CMakeCXXCompilerId.cpp" failed.
Compiler: /media/akhil/Code1/Softwares/cppToolKit/cpp-toolkit-master/MinGW/bin/g++.exe 
Build flags: 
Id flags: --ec++ 

The output was:
1
g++.exe: error: unrecognized command line option '--ec++'; did you mean '-Weffc++'?


Checking whether the CXX compiler is IAR using "" did not match "IAR .+ Compiler":
g++.exe: fatal error: no input files
compilation terminated.
